<ns0:test-suite xmlns:ns0="urn:model.allure.qatools.yandex.ru" start="1522734639951" stop="1522734659878">
  <name>TestCase.test_order</name>
  <labels/>
  <test-cases>
    <test-case start="1522734639951" status="broken" stop="1522734659878">
      <description>产品列表页入口-EIS用户下单-CXML</description>
      <name>TestOrder.test_order_11</name>
      <failure>
        <message>WebDriverException: Message: chrome not reachable
  (Session info: chrome=65.0.3325.162)
  (Driver info: chromedriver=2.36.540470 (e522d04694c7ebea4ba8821272dbef4f9b818c91),platform=Windows NT 10.0.16299 x86_64)
</message>
        <stack-trace>self = &lt;TestCase.test_order.TestOrder testMethod=test_order_11&gt;

    @allure.story('EIS用户下单-CXML')
    def test_order_11(self):
        """产品列表页入口-EIS用户下单-CXML"""
        with allure.step('读取EIS-URL配置信息'):
            url = self.page.config_reader('test_order.conf', 'EIS_URL', 'URL_CXML')
            allure.attach('URL: ', url)
        self.driver.get(url)
        with allure.step('读取页面显示的URL信息'):
            url = self.home.element_find(self.home.cxml_url).text
            allure.attach('URL: ', url)
        self.driver.get(url)
        self.home.category_tree_click()
        self.product_list.list_add_to_cart()
&gt;       self.cart.wait_click(self.cart.go_to_order)

test_order.py:307: 
_ _ _ _ _ _ _ _ _ _ _ _ _ _ _ _ _ _ _ _ _ _ _ _ _ _ _ _ _ _ _ _ _ _ _ _ _ _ _ _
..\Page\Page_Base.py:98: in wait_click
    element = self.element_find(ele)
..\Page\Page_Base.py:21: in element_find
    element_find = self.driver.find_element(element[0], element[1])
..\..\..\..\..\appdata\local\programs\python\python36\lib\site-packages\selenium\webdriver\remote\webdriver.py:843: in find_element
    'value': value})['value']
..\..\..\..\..\appdata\local\programs\python\python36\lib\site-packages\selenium\webdriver\remote\webdriver.py:308: in execute
    self.error_handler.check_response(response)
_ _ _ _ _ _ _ _ _ _ _ _ _ _ _ _ _ _ _ _ _ _ _ _ _ _ _ _ _ _ _ _ _ _ _ _ _ _ _ _

self = &lt;selenium.webdriver.remote.errorhandler.ErrorHandler object at 0x0000017EF68532B0&gt;
response = {'sessionId': '0413843410f797d7852edb69d3f67284', 'status': 100, 'value': {'message': 'chrome not reachable\n  (Sessio...ver info: chromedriver=2.36.540470 (e522d04694c7ebea4ba8821272dbef4f9b818c91),platform=Windows NT 10.0.16299 x86_64)'}}

    def check_response(self, response):
        """
            Checks that a JSON response from the WebDriver does not have an error.
    
            :Args:
             - response - The JSON response from the WebDriver server as a dictionary
               object.
    
            :Raises: If the response contains an error message.
            """
        status = response.get('status', None)
        if status is None or status == ErrorCode.SUCCESS:
            return
        value = None
        message = response.get("message", "")
        screen = response.get("screen", "")
        stacktrace = None
        if isinstance(status, int):
            value_json = response.get('value', None)
            if value_json and isinstance(value_json, basestring):
                import json
                try:
                    value = json.loads(value_json)
                    if len(value.keys()) == 1:
                        value = value['value']
                    status = value.get('error', None)
                    if status is None:
                        status = value["status"]
                        message = value["value"]
                        if not isinstance(message, basestring):
                            value = message
                            message = message.get('message')
                    else:
                        message = value.get('message', None)
                except ValueError:
                    pass
    
        exception_class = ErrorInResponseException
        if status in ErrorCode.NO_SUCH_ELEMENT:
            exception_class = NoSuchElementException
        elif status in ErrorCode.NO_SUCH_FRAME:
            exception_class = NoSuchFrameException
        elif status in ErrorCode.NO_SUCH_WINDOW:
            exception_class = NoSuchWindowException
        elif status in ErrorCode.STALE_ELEMENT_REFERENCE:
            exception_class = StaleElementReferenceException
        elif status in ErrorCode.ELEMENT_NOT_VISIBLE:
            exception_class = ElementNotVisibleException
        elif status in ErrorCode.INVALID_ELEMENT_STATE:
            exception_class = InvalidElementStateException
        elif status in ErrorCode.INVALID_SELECTOR \
                or status in ErrorCode.INVALID_XPATH_SELECTOR \
                or status in ErrorCode.INVALID_XPATH_SELECTOR_RETURN_TYPER:
            exception_class = InvalidSelectorException
        elif status in ErrorCode.ELEMENT_IS_NOT_SELECTABLE:
            exception_class = ElementNotSelectableException
        elif status in ErrorCode.ELEMENT_NOT_INTERACTABLE:
            exception_class = ElementNotInteractableException
        elif status in ErrorCode.INVALID_COOKIE_DOMAIN:
            exception_class = WebDriverException
        elif status in ErrorCode.UNABLE_TO_SET_COOKIE:
            exception_class = WebDriverException
        elif status in ErrorCode.TIMEOUT:
            exception_class = TimeoutException
        elif status in ErrorCode.SCRIPT_TIMEOUT:
            exception_class = TimeoutException
        elif status in ErrorCode.UNKNOWN_ERROR:
            exception_class = WebDriverException
        elif status in ErrorCode.UNEXPECTED_ALERT_OPEN:
            exception_class = UnexpectedAlertPresentException
        elif status in ErrorCode.NO_ALERT_OPEN:
            exception_class = NoAlertPresentException
        elif status in ErrorCode.IME_NOT_AVAILABLE:
            exception_class = ImeNotAvailableException
        elif status in ErrorCode.IME_ENGINE_ACTIVATION_FAILED:
            exception_class = ImeActivationFailedException
        elif status in ErrorCode.MOVE_TARGET_OUT_OF_BOUNDS:
            exception_class = MoveTargetOutOfBoundsException
        else:
            exception_class = WebDriverException
        if value == '' or value is None:
            value = response['value']
        if isinstance(value, basestring):
            if exception_class == ErrorInResponseException:
                raise exception_class(response, value)
            raise exception_class(value)
        if message == "" and 'message' in value:
            message = value['message']
    
        screen = None
        if 'screen' in value:
            screen = value['screen']
    
        stacktrace = None
        if 'stackTrace' in value and value['stackTrace']:
            stacktrace = []
            try:
                for frame in value['stackTrace']:
                    line = self._value_or_default(frame, 'lineNumber', '')
                    file = self._value_or_default(frame, 'fileName', '&lt;anonymous&gt;')
                    if line:
                        file = "%s:%s" % (file, line)
                    meth = self._value_or_default(frame, 'methodName', '&lt;anonymous&gt;')
                    if 'className' in frame:
                        meth = "%s.%s" % (frame['className'], meth)
                    msg = "    at %s (%s)"
                    msg = msg % (meth, file)
                    stacktrace.append(msg)
            except TypeError:
                pass
        if exception_class == ErrorInResponseException:
            raise exception_class(response, message)
        elif exception_class == UnexpectedAlertPresentException and 'alert' in value:
            raise exception_class(message, screen, stacktrace, value['alert'].get('text'))
&gt;       raise exception_class(message, screen, stacktrace)
E       selenium.common.exceptions.WebDriverException: Message: chrome not reachable
E         (Session info: chrome=65.0.3325.162)
E         (Driver info: chromedriver=2.36.540470 (e522d04694c7ebea4ba8821272dbef4f9b818c91),platform=Windows NT 10.0.16299 x86_64)

..\..\..\..\..\appdata\local\programs\python\python36\lib\site-packages\selenium\webdriver\remote\errorhandler.py:194: WebDriverException</stack-trace>
      </failure>
      <attachments/>
      <labels>
        <label name="story" value="EIS用户下单-CXML"/>
        <label name="severity" value="critical"/>
        <label name="feature" value="下单流程测试"/>
        <label name="thread" value="250456-MainThread"/>
        <label name="host" value="ehsy-pc0649"/>
        <label name="framework" value="pytest"/>
        <label name="language" value="cpython3"/>
      </labels>
      <steps>
        <step start="1522734639954" status="passed" stop="1522734650123">
          <name>---Start---</name>
          <title>---Start---</title>
          <attachments>
            <attachment source="7d9cd937-2467-4038-b3c1-94f46fcaf38b-attachment.txt" title="初始化参数:" type="text/plain"/>
          </attachments>
          <steps/>
        </step>
        <step start="1522734650124" status="passed" stop="1522734650125">
          <name>读取EIS-URL配置信息</name>
          <title>读取EIS-URL配置信息</title>
          <attachments>
            <attachment source="d460e756-fa17-4a21-84b8-04963af400fb-attachment.txt" title="URL: " type="text/plain"/>
          </attachments>
          <steps/>
        </step>
        <step start="1522734650444" status="passed" stop="1522734650515">
          <name>读取页面显示的URL信息</name>
          <title>读取页面显示的URL信息</title>
          <attachments>
            <attachment source="3d0d7b33-c7f2-4f12-b191-8af9117c61b4-attachment.txt" title="URL: " type="text/plain"/>
          </attachments>
          <steps/>
        </step>
        <step start="1522734651252" status="passed" stop="1522734654434">
          <name>点击产线进入产品列表页</name>
          <title>点击产线进入产品列表页</title>
          <attachments/>
          <steps/>
        </step>
        <step start="1522734654434" status="passed" stop="1522734655707">
          <name>产线页加入购物车</name>
          <title>产线页加入购物车</title>
          <attachments/>
          <steps/>
        </step>
        <step start="1522734659878" status="failed" stop="1522734663891">
          <name>保存截图</name>
          <title>保存截图</title>
          <attachments/>
          <steps/>
        </step>
      </steps>
    </test-case>
  </test-cases>
</ns0:test-suite>
